<?xml version="1.0" encoding="UTF-8"?>
<!-- Generated by org.testng.reporters.JUnitReportReporter -->
<testsuite hostname="PUNgnadaphEDHV2M" failures="0" tests="1" name="com.Assignment.Assignment.AppTest" time="0.035" errors="0" timestamp="04 Aug 2019 11:59:26 GMT" skipped="0">
  <testcase classname="com.Assignment.Assignment.AppTest" name="testApp" time="0.035"/>
</testsuite> <!-- com.Assignment.Assignment.AppTest -->
