<?xml version="1.0" encoding="UTF-8"?>
<!-- Generated by org.testng.reporters.JUnitReportReporter -->
<testsuite hostname="PUNgnadaphEDHV2M" failures="0" tests="1" name="com.Assignment.Assignment.PostOnFacebook" time="9.382" errors="0" timestamp="04 Aug 2019 11:59:26 GMT" skipped="0">
  <testcase classname="com.Assignment.Assignment.PostOnFacebook" name="login" time="9.382"/>
</testsuite> <!-- com.Assignment.Assignment.PostOnFacebook -->
